2024-08-01 23:12:09.792 ERROR DESKTOP-LLP98EQ --- [  restartedMain] o.s.b.d.LoggingFailureAnalysisReporter   : 

***************************
APPLICATION FAILED TO START
***************************

Description:

An attempt was made to call a method that does not exist. The attempt was made from the following location:

    org.springframework.boot.logging.log4j2.Log4J2LoggingSystem.initialize(Log4J2LoggingSystem.java:222)

The following method did not exist:

    'void org.apache.logging.log4j.util.PropertiesUtil.addPropertySource(org.apache.logging.log4j.util.PropertySource)'

The calling method's class, org.springframework.boot.logging.log4j2.Log4J2LoggingSystem, was loaded from the following location:

    jar:file:/C:/Users/me/.m2/repository/org/springframework/boot/spring-boot/3.3.2/spring-boot-3.3.2.jar!/org/springframework/boot/logging/log4j2/Log4J2LoggingSystem.class

The called method's class, org.apache.logging.log4j.util.PropertiesUtil, is available from the following locations:

    jar:file:/C:/Users/me/.m2/repository/org/apache/logging/log4j/log4j-api/2.17.1/log4j-api-2.17.1.jar!/org/apache/logging/log4j/util/PropertiesUtil.class

The called method's class hierarchy was loaded from the following locations:

    org.apache.logging.log4j.util.PropertiesUtil: file:/C:/Users/me/.m2/repository/org/apache/logging/log4j/log4j-api/2.17.1/log4j-api-2.17.1.jar


Action:

Correct the classpath of your application so that it contains compatible versions of the classes org.springframework.boot.logging.log4j2.Log4J2LoggingSystem and org.apache.logging.log4j.util.PropertiesUtil

2024-08-01 23:17:02.945 ERROR DESKTOP-LLP98EQ --- [  restartedMain] o.s.b.d.LoggingFailureAnalysisReporter   : 

***************************
APPLICATION FAILED TO START
***************************

Description:

An attempt was made to call a method that does not exist. The attempt was made from the following location:

    org.springframework.boot.logging.log4j2.Log4J2LoggingSystem.initialize(Log4J2LoggingSystem.java:222)

The following method did not exist:

    'void org.apache.logging.log4j.util.PropertiesUtil.addPropertySource(org.apache.logging.log4j.util.PropertySource)'

The calling method's class, org.springframework.boot.logging.log4j2.Log4J2LoggingSystem, was loaded from the following location:

    jar:file:/C:/Users/me/.m2/repository/org/springframework/boot/spring-boot/3.3.2/spring-boot-3.3.2.jar!/org/springframework/boot/logging/log4j2/Log4J2LoggingSystem.class

The called method's class, org.apache.logging.log4j.util.PropertiesUtil, is available from the following locations:

    jar:file:/C:/Users/me/.m2/repository/org/apache/logging/log4j/log4j-api/2.17.1/log4j-api-2.17.1.jar!/org/apache/logging/log4j/util/PropertiesUtil.class

The called method's class hierarchy was loaded from the following locations:

    org.apache.logging.log4j.util.PropertiesUtil: file:/C:/Users/me/.m2/repository/org/apache/logging/log4j/log4j-api/2.17.1/log4j-api-2.17.1.jar


Action:

Correct the classpath of your application so that it contains compatible versions of the classes org.springframework.boot.logging.log4j2.Log4J2LoggingSystem and org.apache.logging.log4j.util.PropertiesUtil

2024-08-01 23:20:20.474 ERROR DESKTOP-LLP98EQ --- [  restartedMain] o.s.b.d.LoggingFailureAnalysisReporter   : 

***************************
APPLICATION FAILED TO START
***************************

Description:

An attempt was made to call a method that does not exist. The attempt was made from the following location:

    org.springframework.boot.logging.log4j2.Log4J2LoggingSystem.initialize(Log4J2LoggingSystem.java:222)

The following method did not exist:

    'void org.apache.logging.log4j.util.PropertiesUtil.addPropertySource(org.apache.logging.log4j.util.PropertySource)'

The calling method's class, org.springframework.boot.logging.log4j2.Log4J2LoggingSystem, was loaded from the following location:

    jar:file:/C:/Users/me/.m2/repository/org/springframework/boot/spring-boot/3.3.2/spring-boot-3.3.2.jar!/org/springframework/boot/logging/log4j2/Log4J2LoggingSystem.class

The called method's class, org.apache.logging.log4j.util.PropertiesUtil, is available from the following locations:

    jar:file:/C:/Users/me/.m2/repository/org/apache/logging/log4j/log4j-api/2.17.1/log4j-api-2.17.1.jar!/org/apache/logging/log4j/util/PropertiesUtil.class

The called method's class hierarchy was loaded from the following locations:

    org.apache.logging.log4j.util.PropertiesUtil: file:/C:/Users/me/.m2/repository/org/apache/logging/log4j/log4j-api/2.17.1/log4j-api-2.17.1.jar


Action:

Correct the classpath of your application so that it contains compatible versions of the classes org.springframework.boot.logging.log4j2.Log4J2LoggingSystem and org.apache.logging.log4j.util.PropertiesUtil

2024-08-01 23:21:20.125  INFO DESKTOP-LLP98EQ --- [  restartedMain] c.t.c.CarsApplication                    : Starting CarsApplication using Java 17.0.9 with PID 7508 (C:\dev-workspace1\cars\target\classes started by me in C:\dev-workspace1\cars)
2024-08-01 23:21:20.134  INFO DESKTOP-LLP98EQ --- [  restartedMain] c.t.c.CarsApplication                    : No active profile set, falling back to 1 default profile: "default"
2024-08-01 23:21:20.192  INFO DESKTOP-LLP98EQ --- [  restartedMain] o.s.b.d.r.ChangeableUrls                 : The Class-Path manifest attribute in C:\Users\me\.m2\repository\com\sun\xml\bind\jaxb-core\2.3.0.1\jaxb-core-2.3.0.1.jar referenced one or more files that do not exist: file:/C:/Users/me/.m2/repository/com/sun/xml/bind/jaxb-core/2.3.0.1/jaxb-api.jar
2024-08-01 23:21:20.192  INFO DESKTOP-LLP98EQ --- [  restartedMain] o.s.b.d.r.ChangeableUrls                 : The Class-Path manifest attribute in C:\Users\me\.m2\repository\com\sun\xml\bind\jaxb-impl\2.3.1\jaxb-impl-2.3.1.jar referenced one or more files that do not exist: file:/C:/Users/me/.m2/repository/com/sun/xml/bind/jaxb-impl/2.3.1/jaxb-runtime-2.3.1.jar,file:/C:/Users/me/.m2/repository/com/sun/xml/bind/jaxb-impl/2.3.1/txw2-2.3.1.jar,file:/C:/Users/me/.m2/repository/com/sun/xml/bind/jaxb-impl/2.3.1/istack-commons-runtime-3.0.7.jar,file:/C:/Users/me/.m2/repository/com/sun/xml/bind/jaxb-impl/2.3.1/stax-ex-1.8.jar,file:/C:/Users/me/.m2/repository/com/sun/xml/bind/jaxb-impl/2.3.1/FastInfoset-1.2.15.jar,file:/C:/Users/me/.m2/repository/com/sun/xml/bind/jaxb-impl/2.3.1/javax.activation-api-1.2.0.jar
2024-08-01 23:21:20.193  INFO DESKTOP-LLP98EQ --- [  restartedMain] .e.DevToolsPropertyDefaultsPostProcessor : Devtools property defaults active! Set 'spring.devtools.add-properties' to 'false' to disable
2024-08-01 23:21:20.193  INFO DESKTOP-LLP98EQ --- [  restartedMain] .e.DevToolsPropertyDefaultsPostProcessor : For additional web related logging consider setting the 'logging.level.web' property to 'DEBUG'
2024-08-01 23:21:20.890  INFO DESKTOP-LLP98EQ --- [  restartedMain] .s.d.r.c.RepositoryConfigurationDelegate : Bootstrapping Spring Data JPA repositories in DEFAULT mode.
2024-08-01 23:21:20.972  INFO DESKTOP-LLP98EQ --- [  restartedMain] .s.d.r.c.RepositoryConfigurationDelegate : Finished Spring Data repository scanning in 72 ms. Found 1 JPA repository interface.
2024-08-01 23:21:21.670  INFO DESKTOP-LLP98EQ --- [  restartedMain] o.s.b.w.e.t.TomcatWebServer              : Tomcat initialized with port 8081 (http)
2024-08-01 23:21:21.684  INFO DESKTOP-LLP98EQ --- [  restartedMain] o.a.c.h.Http11NioProtocol                : Initializing ProtocolHandler ["http-nio-8081"]
2024-08-01 23:21:21.687  INFO DESKTOP-LLP98EQ --- [  restartedMain] o.a.c.c.StandardService                  : Starting service [Tomcat]
2024-08-01 23:21:21.688  INFO DESKTOP-LLP98EQ --- [  restartedMain] o.a.c.c.StandardEngine                   : Starting Servlet engine: [Apache Tomcat/10.1.26]
2024-08-01 23:21:21.751  INFO DESKTOP-LLP98EQ --- [  restartedMain] o.a.c.c.C.[.[.[/]                        : Initializing Spring embedded WebApplicationContext
2024-08-01 23:21:21.753  INFO DESKTOP-LLP98EQ --- [  restartedMain] w.s.c.ServletWebServerApplicationContext : Root WebApplicationContext: initialization completed in 1557 ms
2024-08-01 23:21:21.920  INFO DESKTOP-LLP98EQ --- [  restartedMain] c.z.h.HikariDataSource                   : HikariPool-1 - Starting...
2024-08-01 23:21:22.255  INFO DESKTOP-LLP98EQ --- [  restartedMain] c.z.h.p.HikariPool                       : HikariPool-1 - Added connection com.mysql.cj.jdbc.ConnectionImpl@7c964bc8
2024-08-01 23:21:22.257  INFO DESKTOP-LLP98EQ --- [  restartedMain] c.z.h.HikariDataSource                   : HikariPool-1 - Start completed.
2024-08-01 23:21:22.307  INFO DESKTOP-LLP98EQ --- [  restartedMain] o.h.j.i.u.LogHelper                      : HHH000204: Processing PersistenceUnitInfo [name: default]
2024-08-01 23:21:22.365  INFO DESKTOP-LLP98EQ --- [  restartedMain] o.h.Version                              : HHH000412: Hibernate ORM core version 6.5.2.Final
2024-08-01 23:21:22.410  INFO DESKTOP-LLP98EQ --- [  restartedMain] o.h.c.i.RegionFactoryInitiator           : HHH000026: Second-level cache disabled
2024-08-01 23:21:22.739  INFO DESKTOP-LLP98EQ --- [  restartedMain] o.s.o.j.p.SpringPersistenceUnitInfo      : No LoadTimeWeaver setup: ignoring JPA class transformer
2024-08-01 23:21:23.590  INFO DESKTOP-LLP98EQ --- [  restartedMain] o.h.e.t.j.p.i.JtaPlatformInitiator       : HHH000489: No JTA platform available (set 'hibernate.transaction.jta.platform' to enable JTA platform integration)
2024-08-01 23:21:23.593  INFO DESKTOP-LLP98EQ --- [  restartedMain] j.LocalContainerEntityManagerFactoryBean : Initialized JPA EntityManagerFactory for persistence unit 'default'
2024-08-01 23:21:23.860  WARN DESKTOP-LLP98EQ --- [  restartedMain] JpaBaseConfiguration$JpaWebConfiguration : spring.jpa.open-in-view is enabled by default. Therefore, database queries may be performed during view rendering. Explicitly configure spring.jpa.open-in-view to disable this warning
2024-08-01 23:21:24.202  INFO DESKTOP-LLP98EQ --- [  restartedMain] o.s.b.d.a.OptionalLiveReloadServer       : LiveReload server is running on port 35729
2024-08-01 23:21:24.213  INFO DESKTOP-LLP98EQ --- [  restartedMain] o.a.c.h.Http11NioProtocol                : Starting ProtocolHandler ["http-nio-8081"]
2024-08-01 23:21:24.235  INFO DESKTOP-LLP98EQ --- [  restartedMain] o.s.b.w.e.t.TomcatWebServer              : Tomcat started on port 8081 (http) with context path '/'
2024-08-01 23:21:24.245  INFO DESKTOP-LLP98EQ --- [  restartedMain] c.t.c.CarsApplication                    : Started CarsApplication in 4.509 seconds (process running for 5.466)
2024-08-01 23:21:31.725  INFO DESKTOP-LLP98EQ --- [nio-8081-exec-1] o.a.c.c.C.[.[.[/]                        : Initializing Spring DispatcherServlet 'dispatcherServlet'
2024-08-01 23:21:31.726  INFO DESKTOP-LLP98EQ --- [nio-8081-exec-1] o.s.w.s.DispatcherServlet                : Initializing Servlet 'dispatcherServlet'
2024-08-01 23:21:31.726  INFO DESKTOP-LLP98EQ --- [nio-8081-exec-1] o.s.w.s.DispatcherServlet                : Completed initialization in 0 ms
2024-08-01 23:21:31.774  INFO DESKTOP-LLP98EQ --- [nio-8081-exec-1] c.t.c.c.CarController                    : download cars file request recieved.
